<?xml version="1.0" encoding="UTF-8"?>
<testng-results skipped="0" failed="0" total="1" passed="1">
  <reporter-output>
  </reporter-output>
  <suite name="Default suite" duration-ms="4782" started-at="2021-05-27T15:25:34Z" finished-at="2021-05-27T15:25:39Z">
    <groups>
    </groups>
    <test name="Default test" duration-ms="4782" started-at="2021-05-27T15:25:34Z" finished-at="2021-05-27T15:25:39Z">
      <class name="com.Int.Test.InvalidBooking">
        <test-method status="PASS" signature="scenario()[pri:0, instance:com.Int.Test.InvalidBooking@2a5ca609]" name="scenario" duration-ms="4767" started-at="2021-05-27T20:55:34Z" finished-at="2021-05-27T20:55:39Z">
          <reporter-output>
          </reporter-output>
        </test-method> <!-- scenario -->
      </class> <!-- com.Int.Test.InvalidBooking -->
    </test> <!-- Default test -->
  </suite> <!-- Default suite -->
</testng-results>
